-------------------------------------------------------------------------------
Test set: hello.HelloControllerIT
-------------------------------------------------------------------------------
Tests run: 1, Failures: 0, Errors: 1, Skipped: 0, Time elapsed: 0.249 sec <<< FAILURE! - in hello.HelloControllerIT
initializationError(hello.HelloControllerIT)  Time elapsed: 0.003 sec  <<< ERROR!
java.lang.IllegalStateException: Unable to find a @SpringBootConfiguration, you need to use @ContextConfiguration or @SpringBootTest(classes=...) with your test

