<?xml version="1.0" encoding="UTF-8"?>
<testsuite xmlns:xsi="http://www.w3.org/2001/XMLSchema-instance" xsi:schemaLocation="https://maven.apache.org/surefire/maven-surefire-plugin/xsd/surefire-test-report.xsd" name="hello.ExampleControllerIT" time="0.292" tests="1" errors="1" skipped="0" failures="0">
  <properties>
[...]
</properties>
  <testcase name="initializationError" classname="hello.ExampleControllerIT" time="0.005">
    <error message="Unable to find a @SpringBootConfiguration, you need to use @ContextConfiguration or @SpringBootTest(classes=...) with your test" type="java.lang.IllegalStateException">java.lang.IllegalStateException: Unable to find a @SpringBootConfiguration, you need to use @ContextConfiguration or @SpringBootTest(classes=...) with your test
</error>
    <system-out><![CDATA[21:40:08.803 [main] DEBUG org.springframework.test.context.junit4.SpringJUnit4ClassRunner - SpringJUnit4ClassRunner constructor called with [class hello.ExampleControllerIT]
21:40:08.808 [main] DEBUG org.springframework.test.context.BootstrapUtils - Instantiating CacheAwareContextLoaderDelegate from class [org.springframework.test.context.cache.DefaultCacheAwareContextLoaderDelegate]
21:40:08.814 [main] DEBUG org.springframework.test.context.BootstrapUtils - Instantiating BootstrapContext using constructor [public org.springframework.test.context.support.DefaultBootstrapContext(java.lang.Class,org.springframework.test.context.CacheAwareContextLoaderDelegate)]
21:40:08.828 [main] DEBUG org.springframework.test.context.BootstrapUtils - Instantiating TestContextBootstrapper for test class [hello.ExampleControllerIT] from class [org.springframework.boot.test.context.SpringBootTestContextBootstrapper]
21:40:08.839 [main] INFO org.springframework.boot.test.context.SpringBootTestContextBootstrapper - Neither @ContextConfiguration nor @ContextHierarchy found for test class [hello.ExampleControllerIT], using SpringBootContextLoader
21:40:08.842 [main] DEBUG org.springframework.test.context.support.AbstractContextLoader - Did not detect default resource location for test class [hello.ExampleControllerIT]: class path resource [hello/ExampleControllerIT-context.xml] does not exist
21:40:08.843 [main] DEBUG org.springframework.test.context.support.AbstractContextLoader - Did not detect default resource location for test class [hello.ExampleControllerIT]: class path resource [hello/ExampleControllerITContext.groovy] does not exist
21:40:08.843 [main] INFO org.springframework.test.context.support.AbstractContextLoader - Could not detect default resource locations for test class [hello.ExampleControllerIT]: no resource found for suffixes {-context.xml, Context.groovy}.
21:40:08.843 [main] INFO org.springframework.test.context.support.AnnotationConfigContextLoaderUtils - Could not detect default configuration classes for test class [hello.ExampleControllerIT]: ExampleControllerIT does not declare any static, non-private, non-final, nested classes annotated with @Configuration.
21:40:08.872 [main] DEBUG org.springframework.test.context.support.ActiveProfilesUtils - Could not find an 'annotation declaring class' for annotation type [org.springframework.test.context.ActiveProfiles] and class [hello.ExampleControllerIT]
21:40:08.923 [main] DEBUG org.springframework.core.env.StandardEnvironment - Adding [systemProperties] PropertySource with lowest search precedence
21:40:08.925 [main] DEBUG org.springframework.core.env.StandardEnvironment - Adding [systemEnvironment] PropertySource with lowest search precedence
21:40:08.925 [main] DEBUG org.springframework.core.env.StandardEnvironment - Initialized StandardEnvironment with PropertySources [systemProperties,systemEnvironment]
21:40:08.937 [main] DEBUG org.springframework.core.io.support.PathMatchingResourcePatternResolver - Resolved classpath location [hello/] to resources [URL [file:/media/main/phoeniix/devel/services/gs-spring-boot/initial/target/test-classes/hello/]]
21:40:08.938 [main] DEBUG org.springframework.core.io.support.PathMatchingResourcePatternResolver - Looking for matching resources in directory tree [/media/main/phoeniix/devel/services/gs-spring-boot/initial/target/test-classes/hello]
21:40:08.938 [main] DEBUG org.springframework.core.io.support.PathMatchingResourcePatternResolver - Searching directory [/media/main/phoeniix/devel/services/gs-spring-boot/initial/target/test-classes/hello] for files matching pattern [/media/main/phoeniix/devel/services/gs-spring-boot/initial/target/test-classes/hello/*.class]
21:40:08.941 [main] DEBUG org.springframework.core.io.support.PathMatchingResourcePatternResolver - Resolved location pattern [classpath*:hello/*.class] to resources [file [/media/main/phoeniix/devel/services/gs-spring-boot/initial/target/test-classes/hello/ExampleControllerIT.class]]
]]></system-out>
  </testcase>
</testsuite>