<?xml version="1.0" encoding="UTF-8"?>
<testsuite xmlns:xsi="http://www.w3.org/2001/XMLSchema-instance" xsi:schemaLocation="https://maven.apache.org/surefire/maven-surefire-plugin/xsd/surefire-test-report.xsd" name="hello.HelloControllerIT" time="0.249" tests="1" errors="1" skipped="0" failures="0">
  <properties>
[...]
</properties>
  <testcase name="initializationError" classname="hello.HelloControllerIT" time="0.003">
    <error message="Unable to find a @SpringBootConfiguration, you need to use @ContextConfiguration or @SpringBootTest(classes=...) with your test" type="java.lang.IllegalStateException">java.lang.IllegalStateException: Unable to find a @SpringBootConfiguration, you need to use @ContextConfiguration or @SpringBootTest(classes=...) with your test
</error>
    <system-out><![CDATA[20:04:29.594 [main] DEBUG org.springframework.test.context.junit4.SpringJUnit4ClassRunner - SpringJUnit4ClassRunner constructor called with [class hello.HelloControllerIT]
20:04:29.598 [main] DEBUG org.springframework.test.context.BootstrapUtils - Instantiating CacheAwareContextLoaderDelegate from class [org.springframework.test.context.cache.DefaultCacheAwareContextLoaderDelegate]
20:04:29.603 [main] DEBUG org.springframework.test.context.BootstrapUtils - Instantiating BootstrapContext using constructor [public org.springframework.test.context.support.DefaultBootstrapContext(java.lang.Class,org.springframework.test.context.CacheAwareContextLoaderDelegate)]
20:04:29.614 [main] DEBUG org.springframework.test.context.BootstrapUtils - Instantiating TestContextBootstrapper for test class [hello.HelloControllerIT] from class [org.springframework.boot.test.context.SpringBootTestContextBootstrapper]
20:04:29.624 [main] INFO org.springframework.boot.test.context.SpringBootTestContextBootstrapper - Neither @ContextConfiguration nor @ContextHierarchy found for test class [hello.HelloControllerIT], using SpringBootContextLoader
20:04:29.627 [main] DEBUG org.springframework.test.context.support.AbstractContextLoader - Did not detect default resource location for test class [hello.HelloControllerIT]: class path resource [hello/HelloControllerIT-context.xml] does not exist
20:04:29.628 [main] DEBUG org.springframework.test.context.support.AbstractContextLoader - Did not detect default resource location for test class [hello.HelloControllerIT]: class path resource [hello/HelloControllerITContext.groovy] does not exist
20:04:29.628 [main] INFO org.springframework.test.context.support.AbstractContextLoader - Could not detect default resource locations for test class [hello.HelloControllerIT]: no resource found for suffixes {-context.xml, Context.groovy}.
20:04:29.629 [main] INFO org.springframework.test.context.support.AnnotationConfigContextLoaderUtils - Could not detect default configuration classes for test class [hello.HelloControllerIT]: HelloControllerIT does not declare any static, non-private, non-final, nested classes annotated with @Configuration.
20:04:29.658 [main] DEBUG org.springframework.test.context.support.ActiveProfilesUtils - Could not find an 'annotation declaring class' for annotation type [org.springframework.test.context.ActiveProfiles] and class [hello.HelloControllerIT]
20:04:29.693 [main] DEBUG org.springframework.core.env.StandardEnvironment - Adding [systemProperties] PropertySource with lowest search precedence
20:04:29.694 [main] DEBUG org.springframework.core.env.StandardEnvironment - Adding [systemEnvironment] PropertySource with lowest search precedence
20:04:29.694 [main] DEBUG org.springframework.core.env.StandardEnvironment - Initialized StandardEnvironment with PropertySources [systemProperties,systemEnvironment]
20:04:29.702 [main] DEBUG org.springframework.core.io.support.PathMatchingResourcePatternResolver - Resolved classpath location [hello/] to resources [URL [file:/media/main/phoeniix/devel/services/gs-spring-boot/initial/target/test-classes/hello/]]
20:04:29.702 [main] DEBUG org.springframework.core.io.support.PathMatchingResourcePatternResolver - Looking for matching resources in directory tree [/media/main/phoeniix/devel/services/gs-spring-boot/initial/target/test-classes/hello]
20:04:29.702 [main] DEBUG org.springframework.core.io.support.PathMatchingResourcePatternResolver - Searching directory [/media/main/phoeniix/devel/services/gs-spring-boot/initial/target/test-classes/hello] for files matching pattern [/media/main/phoeniix/devel/services/gs-spring-boot/initial/target/test-classes/hello/*.class]
20:04:29.705 [main] DEBUG org.springframework.core.io.support.PathMatchingResourcePatternResolver - Resolved location pattern [classpath*:hello/*.class] to resources [file [/media/main/phoeniix/devel/services/gs-spring-boot/initial/target/test-classes/hello/HelloControllerIT.class], file [/media/main/phoeniix/devel/services/gs-spring-boot/initial/target/test-classes/hello/HelloControllerTest.class]]
]]></system-out>
  </testcase>
</testsuite>